<?xml version="1.0" encoding="UTF-8"?>
<testng-results ignored="0" total="1" passed="0" failed="1" skipped="0">
  <reporter-output>
    <line>
      <![CDATA[Facebook - log in or sign up]]>
    </line>
    <line>
      <![CDATA[admin]]>
    </line>
    <line>
      <![CDATA[manager]]>
    </line>
    <line>
      <![CDATA[bhanu]]>
    </line>
    <line>
      <![CDATA[abcd]]>
    </line>
    <line>
      <![CDATA[akshara]]>
    </line>
    <line>
      <![CDATA[xyz]]>
    </line>
  </reporter-output>
  <suite started-at="2022-05-09T22:57:30 CDT" name="Default suite" finished-at="2022-05-09T22:57:38 CDT" duration-ms="7849">
    <groups>
      <group name="smoke">
        <method signature="Demo1.test1()[pri:1, instance:script.Demo1@1d2adfbe]" name="test1" class="script.Demo1"/>
      </group> <!-- smoke -->
    </groups>
    <test started-at="2022-05-09T22:57:30 CDT" name="Default test" finished-at="2022-05-09T22:57:38 CDT" duration-ms="7849">
      <class name="script.Demo1">
        <test-method is-config="true" signature="initReport()[pri:0, instance:script.Demo1@1d2adfbe]" started-at="2022-05-09T22:57:30 CDT" name="initReport" finished-at="2022-05-09T22:57:30 CDT" duration-ms="351" status="PASS">
          <reporter-output>
          </reporter-output>
        </test-method> <!-- initReport -->
        <test-method is-config="true" signature="createTest(java.lang.reflect.Method)[pri:0, instance:script.Demo1@1d2adfbe]" started-at="2022-05-09T22:57:30 CDT" name="createTest" finished-at="2022-05-09T22:57:30 CDT" duration-ms="9" status="PASS">
          <params>
            <param index="0">
              <value>
                <![CDATA[public void script.Demo1.test1()]]>
              </value>
            </param>
          </params>
          <reporter-output>
          </reporter-output>
        </test-method> <!-- createTest -->
        <test-method is-config="true" signature="openApp(java.lang.String)[pri:0, instance:script.Demo1@1d2adfbe]" started-at="2022-05-09T22:57:30 CDT" name="openApp" finished-at="2022-05-09T22:57:36 CDT" duration-ms="6003" status="PASS">
          <params>
            <param index="0">
              <value>
                <![CDATA[./config.properties]]>
              </value>
            </param>
          </params>
          <reporter-output>
          </reporter-output>
        </test-method> <!-- openApp -->
        <test-method signature="test1()[pri:1, instance:script.Demo1@1d2adfbe]" started-at="2022-05-09T22:57:36 CDT" name="test1" finished-at="2022-05-09T22:57:37 CDT" duration-ms="874" status="FAIL">
          <exception class="java.lang.AssertionError">
            <message>
              <![CDATA[expected [xyz] but found [abcd]]]>
            </message>
            <full-stacktrace>
              <![CDATA[java.lang.AssertionError: expected [xyz] but found [abcd]
at org.testng.Assert.fail(Assert.java:99)
at org.testng.Assert.failNotEquals(Assert.java:1037)
at org.testng.Assert.assertEqualsImpl(Assert.java:140)
at org.testng.Assert.assertEquals(Assert.java:122)
at org.testng.Assert.assertEquals(Assert.java:629)
at org.testng.Assert.assertEquals(Assert.java:639)
at script.Demo1.test1(Demo1.java:25)
at java.base/jdk.internal.reflect.DirectMethodHandleAccessor.invoke(DirectMethodHandleAccessor.java:104)
at java.base/java.lang.reflect.Method.invoke(Method.java:577)
at org.testng.internal.MethodInvocationHelper.invokeMethod(MethodInvocationHelper.java:133)
at org.testng.internal.TestInvoker.invokeMethod(TestInvoker.java:598)
at org.testng.internal.TestInvoker.invokeTestMethod(TestInvoker.java:173)
at org.testng.internal.MethodRunner.runInSequence(MethodRunner.java:46)
at org.testng.internal.TestInvoker$MethodInvocationAgent.invoke(TestInvoker.java:824)
at org.testng.internal.TestInvoker.invokeTestMethods(TestInvoker.java:146)
at org.testng.internal.TestMethodWorker.invokeTestMethods(TestMethodWorker.java:146)
at org.testng.internal.TestMethodWorker.run(TestMethodWorker.java:128)
at java.base/java.util.ArrayList.forEach(ArrayList.java:1511)
at org.testng.TestRunner.privateRun(TestRunner.java:794)
at org.testng.TestRunner.run(TestRunner.java:596)
at org.testng.SuiteRunner.runTest(SuiteRunner.java:377)
at org.testng.SuiteRunner.runSequentially(SuiteRunner.java:371)
at org.testng.SuiteRunner.privateRun(SuiteRunner.java:332)
at org.testng.SuiteRunner.run(SuiteRunner.java:276)
at org.testng.SuiteRunnerWorker.runSuite(SuiteRunnerWorker.java:53)
at org.testng.SuiteRunnerWorker.run(SuiteRunnerWorker.java:96)
at org.testng.TestNG.runSuitesSequentially(TestNG.java:1212)
at org.testng.TestNG.runSuitesLocally(TestNG.java:1134)
at org.testng.TestNG.runSuites(TestNG.java:1063)
at org.testng.TestNG.run(TestNG.java:1031)
at org.testng.remote.AbstractRemoteTestNG.run(AbstractRemoteTestNG.java:115)
at org.testng.remote.RemoteTestNG.initAndRun(RemoteTestNG.java:251)
at org.testng.remote.RemoteTestNG.main(RemoteTestNG.java:77)
]]>
            </full-stacktrace>
          </exception> <!-- java.lang.AssertionError -->
          <reporter-output>
            <line>
              <![CDATA[Facebook - log in or sign up]]>
            </line>
            <line>
              <![CDATA[admin]]>
            </line>
            <line>
              <![CDATA[manager]]>
            </line>
            <line>
              <![CDATA[bhanu]]>
            </line>
            <line>
              <![CDATA[abcd]]>
            </line>
            <line>
              <![CDATA[akshara]]>
            </line>
            <line>
              <![CDATA[xyz]]>
            </line>
          </reporter-output>
        </test-method> <!-- test1 -->
        <test-method is-config="true" signature="closeApp(org.testng.ITestResult)[pri:0, instance:script.Demo1@1d2adfbe]" started-at="2022-05-09T22:57:37 CDT" name="closeApp" finished-at="2022-05-09T22:57:38 CDT" duration-ms="916" status="PASS">
          <params>
            <param index="0">
              <value>
                <![CDATA[[TestResult name=test1 status=FAILURE method=Demo1.test1()[pri:1, instance:script.Demo1@1d2adfbe] output=Facebook - log in or sign up]]]>
              </value>
            </param>
          </params>
          <reporter-output>
          </reporter-output>
        </test-method> <!-- closeApp -->
        <test-method is-config="true" signature="publishReport()[pri:0, instance:script.Demo1@1d2adfbe]" started-at="2022-05-09T22:57:38 CDT" name="publishReport" finished-at="2022-05-09T22:57:39 CDT" duration-ms="427" status="PASS">
          <reporter-output>
          </reporter-output>
        </test-method> <!-- publishReport -->
      </class> <!-- script.Demo1 -->
    </test> <!-- Default test -->
  </suite> <!-- Default suite -->
</testng-results>
